<?xml version="1.0" encoding="UTF-8"?>
<!-- Generated by org.testng.reporters.JUnitReportReporter -->
<testsuite hostname="DESKTOP-5A838FM" failures="0" tests="3" name="com.testng.testcase.Search" time="26.161" errors="0" timestamp="2024-08-20T10:35:45 IST" skipped="0">
  <testcase classname="com.testng.testcase.Search" name="verifySearchWithValidProduct" time="8.311"/>
  <system-out/>
  <testcase classname="com.testng.testcase.Search" name="verifySearchWithInValidProduct" time="9.826"/>
  <system-out/>
  <testcase classname="com.testng.testcase.Search" name="verifySearchWithoutAnyProduct" time="8.024"/>
  <system-out/>
</testsuite> <!-- com.testng.testcase.Search -->
