<?xml version="1.0" encoding="UTF-8"?>
<!-- Generated by org.testng.reporters.JUnitReportReporter -->
<testsuite hostname="DESKTOP-5A838FM" failures="0" tests="1" name="com.testng.testcase.RegisterTest" time="25.924" errors="0" timestamp="2024-08-20T11:24:02 IST" skipped="0">
  <testcase classname="com.testng.testcase.RegisterTest" name="validselectingallfields" time="25.924"/>
  <system-out/>
</testsuite> <!-- com.testng.testcase.RegisterTest -->
