<?xml version="1.0" encoding="UTF-8"?>
<!-- Generated by org.testng.reporters.JUnitReportReporter -->
<testsuite hostname="DESKTOP-5A838FM" failures="0" tests="7" name="com.testng.testcase.Login" time="78.160" errors="0" timestamp="2024-08-20T10:35:45 IST" skipped="0">
  <testcase classname="com.testng.testcase.Login" name="verifylogincredentials" time="13.732"/>
  <system-out/>
  <testcase classname="com.testng.testcase.Login" name="verifylogincredentials" time="10.847"/>
  <system-out/>
  <testcase classname="com.testng.testcase.Login" name="verifylogincredentials" time="11.640"/>
  <system-out/>
  <testcase classname="com.testng.testcase.Login" name="verifyInvalidlogincredentials" time="11.029"/>
  <system-out/>
  <testcase classname="com.testng.testcase.Login" name="verifyinvalidemailandvalidpassword" time="10.485"/>
  <system-out/>
  <testcase classname="com.testng.testcase.Login" name="verifyinvalidemailandinvalidpassword" time="9.982"/>
  <system-out/>
  <testcase classname="com.testng.testcase.Login" name="verifyemptytxt" time="10.445"/>
  <system-out/>
</testsuite> <!-- com.testng.testcase.Login -->
