<?xml version="1.0" encoding="UTF-8"?>
<!-- Generated by org.testng.reporters.JUnitReportReporter -->
<testsuite hostname="DESKTOP-5A838FM" failures="0" tests="7" name="com.testng.testcase.LoginTest" time="98.766" errors="0" timestamp="2024-08-20T11:03:04 IST" skipped="0">
  <testcase classname="com.testng.testcase.LoginTest" name="verifylogincredentials" time="20.249"/>
  <system-out/>
  <testcase classname="com.testng.testcase.LoginTest" name="verifylogincredentials" time="10.497"/>
  <system-out/>
  <testcase classname="com.testng.testcase.LoginTest" name="verifylogincredentials" time="12.141"/>
  <system-out/>
  <testcase classname="com.testng.testcase.LoginTest" name="verifyInvalidlogincredentials" time="12.400"/>
  <system-out/>
  <testcase classname="com.testng.testcase.LoginTest" name="verifyinvalidemailandvalidpassword" time="13.587"/>
  <system-out/>
  <testcase classname="com.testng.testcase.LoginTest" name="verifyinvalidemailandinvalidpassword" time="13.096"/>
  <system-out/>
  <testcase classname="com.testng.testcase.LoginTest" name="verifyemptytxt" time="16.796"/>
  <system-out/>
</testsuite> <!-- com.testng.testcase.LoginTest -->
