<?xml version="1.0" encoding="UTF-8"?>
<!-- Generated by org.testng.reporters.JUnitReportReporter -->
<testsuite hostname="DESKTOP-5A838FM" failures="0" tests="4" name="com.testng.testcase.Register" time="59.705" errors="0" timestamp="2024-08-20T10:35:45 IST" skipped="0">
  <testcase classname="com.testng.testcase.Register" name="validmandatoryfields" time="13.799"/>
  <system-out/>
  <testcase classname="com.testng.testcase.Register" name="validselectingallfields" time="12.287"/>
  <system-out/>
  <testcase classname="com.testng.testcase.Register" name="validexistingemailaddressfields" time="11.710"/>
  <system-out/>
  <testcase classname="com.testng.testcase.Register" name="validwithoutfillinganyfield" time="21.909"/>
  <system-out/>
</testsuite> <!-- com.testng.testcase.Register -->
