<?xml version="1.0" encoding="UTF-8"?>
<!-- Generated by org.testng.reporters.JUnitReportReporter -->
<testsuite hostname="DESKTOP-5A838FM" failures="0" tests="4" name="com.testng.testcase.Register" time="54.528" errors="0" timestamp="2024-08-17T18:35:43 IST" skipped="0">
  <testcase classname="com.testng.testcase.Register" name="validmandatoryfields" time="15.846"/>
  <testcase classname="com.testng.testcase.Register" name="validselectingallfields" time="13.227"/>
  <testcase classname="com.testng.testcase.Register" name="validexistingemailaddressfields" time="13.491"/>
  <testcase classname="com.testng.testcase.Register" name="validwithoutfillinganyfield" time="11.964"/>
</testsuite> <!-- com.testng.testcase.Register -->
