<?xml version="1.0" encoding="UTF-8"?>
<!-- Generated by org.testng.reporters.JUnitReportReporter -->
<testsuite hostname="DESKTOP-5A838FM" failures="0" tests="7" name="com.testng.testcase.Login" time="76.370" errors="0" timestamp="2024-08-17T18:35:43 IST" skipped="0">
  <testcase classname="com.testng.testcase.Login" name="verifylogincredentials" time="10.146"/>
  <testcase classname="com.testng.testcase.Login" name="verifylogincredentials" time="10.591"/>
  <testcase classname="com.testng.testcase.Login" name="verifylogincredentials" time="9.783"/>
  <testcase classname="com.testng.testcase.Login" name="verifyInvalidlogincredentials" time="10.835"/>
  <testcase classname="com.testng.testcase.Login" name="verifyinvalidemailandvalidpassword" time="10.507"/>
  <testcase classname="com.testng.testcase.Login" name="verifyinvalidemailandinvalidpassword" time="14.419"/>
  <testcase classname="com.testng.testcase.Login" name="verifyemptytxt" time="10.089"/>
</testsuite> <!-- com.testng.testcase.Login -->
